<?xml version="1.0" encoding="UTF-8"?>
<!-- Generated by org.testng.reporters.JUnitReportReporter -->
<testsuite name="com.expedia.flightsbooking.FrameworkTestCase" tests="1" time="2.587" ignored="0" failures="0" timestamp="29 Dec 2016 00:03:09 GMT" skipped="0" hostname="mrli-PC" errors="0">
  <testcase name="test" time="2.587" classname="com.expedia.flightsbooking.FrameworkTestCase"/>
</testsuite> <!-- com.expedia.flightsbooking.FrameworkTestCase -->
